<?xml version="1.0" encoding="UTF-8"?>
<!-- Generated by org.testng.reporters.JUnitReportReporter -->
<testsuite skipped="0" hostname="DESKTOP-O20OQOR" name="com.automationA.DemoSeProject.TestClass1" tests="4" failures="0" timestamp="2020-11-23T17:05:49 IST" time="139.380" errors="0">
  <testcase name="forthTest" time="63.907" classname="com.automationA.DemoSeProject.TestClass1"/>
  <system-out/>
  <testcase name="firstTest" time="19.348" classname="com.automationA.DemoSeProject.TestClass1"/>
  <system-out/>
  <testcase name="secondTest" time="12.585" classname="com.automationA.DemoSeProject.TestClass1"/>
  <system-out/>
  <testcase name="thirdTest" time="43.540" classname="com.automationA.DemoSeProject.TestClass1"/>
  <system-out/>
</testsuite> <!-- com.automationA.DemoSeProject.TestClass1 -->
