<?xml version="1.0" encoding="UTF-8"?>
<!-- Generated by org.testng.reporters.JUnitReportReporter -->
<testsuite skipped="0" hostname="DESKTOP-O20OQOR" name="com.automationA.DemoSeProject.TestClass1" tests="4" failures="0" timestamp="2020-11-22T20:19:35 IST" time="78.192" errors="0">
  <testcase name="forthTest" time="21.454" classname="com.automationA.DemoSeProject.TestClass1"/>
  <system-out/>
  <testcase name="secondTest" time="32.743" classname="com.automationA.DemoSeProject.TestClass1"/>
  <system-out/>
  <testcase name="thirdTest" time="12.835" classname="com.automationA.DemoSeProject.TestClass1"/>
  <system-out/>
  <testcase name="firstTest" time="11.160" classname="com.automationA.DemoSeProject.TestClass1"/>
  <system-out/>
</testsuite> <!-- com.automationA.DemoSeProject.TestClass1 -->
