<?xml version="1.0" encoding="UTF-8"?>
<!-- Generated by org.testng.reporters.JUnitReportReporter -->
<testsuite skipped="0" hostname="DESKTOP-O20OQOR" name="com.automationA.DemoSeProject.TestClass1" tests="3" failures="0" timestamp="2020-11-16T14:03:27 IST" time="48.279" errors="0">
  <testcase name="Test3" time="9.082" classname="com.automationA.DemoSeProject.TestClass1"/>
  <system-out/>
  <testcase name="Test2" time="29.823" classname="com.automationA.DemoSeProject.TestClass1"/>
  <system-out/>
  <testcase name="Test1" time="9.374" classname="com.automationA.DemoSeProject.TestClass1"/>
  <system-out/>
</testsuite> <!-- com.automationA.DemoSeProject.TestClass1 -->
